<?xml version="1.0" encoding="UTF-8"?>
<!-- Generated by org.testng.reporters.JUnitXMLReporter -->
<testsuite ignored="0" hostname="LAPTOP-UHI05J3T" failures="0" tests="1" name="Test" time="0.084" errors="0" timestamp="2024-05-24T10:58:10 IST">
  <testcase classname="testBase.BaseClass" name="@BeforeClass setup" time="0.021">
    <failure type="java.lang.Error" message="Unresolved compilation problems: 
	p cannot be resolved to a variable
	p cannot be resolved
">
      <![CDATA[java.lang.Error: Unresolved compilation problems: 
p cannot be resolved to a variable
p cannot be resolved

at testBase.BaseClass.setup(BaseClass.java:35)
at java.base/java.util.ArrayList.forEach(ArrayList.java:1511)
... Removed 25 stack frames]]>
    </failure>
  </testcase> <!-- @BeforeClass setup -->
  <testcase classname="testBase.BaseClass" name="@AfterClass tearDown" time="0.0">
    <skipped/>
  </testcase> <!-- @AfterClass tearDown -->
  <testcase classname="testCases.TC001_AccountRegistrationTest" name="verify_account_registration" time="0.0">
    <skipped/>
  </testcase> <!-- verify_account_registration -->
</testsuite> <!-- Test -->
